ISim log file
Running: C:\Users\zzh1996\Desktop\COD\MIPS_FINAL\test_isim_beh.exe -intstyle ise -gui -tclbatch isim.cmd -wdb C:/Users/zzh1996/Desktop/COD/MIPS_FINAL/test_isim_beh.wdb 
ISim P.20131013 (signature 0x7708f090)
This is a Full version of ISim.
Time resolution is 1 ps
# onerror resume
# wave add /
# run 100000 ns
Simulator is doing circuit initialization process.
WARNING: This core is supplied with a behavioral model. To model cycle-accurate behavior you must run timing simulation.
WARNING: This core is supplied with a behavioral model. To model cycle-accurate behavior you must run timing simulation.
Finished circuit initialization process.
# restart
# run 1.00us
Simulator is doing circuit initialization process.
WARNING: This core is supplied with a behavioral model. To model cycle-accurate behavior you must run timing simulation.
WARNING: This core is supplied with a behavioral model. To model cycle-accurate behavior you must run timing simulation.
Finished circuit initialization process.
# restart
# run 100us
Simulator is doing circuit initialization process.
WARNING: This core is supplied with a behavioral model. To model cycle-accurate behavior you must run timing simulation.
WARNING: This core is supplied with a behavioral model. To model cycle-accurate behavior you must run timing simulation.
Finished circuit initialization process.
